Symbol range map extraction starting
Processing 52 files
startProcessing "superscary\heavyinventories\HeavyInventories.java" md5: 9a415a03313a7f688504030d4cc5c806
Cache Hit!
endProcessing "superscary\heavyinventories\HeavyInventories.java"

startProcessing "superscary\heavyinventories\calc\PlayerWeightCalculator.java" md5: 0099652f807f38d7f499c620c862aa6b
Cache Hit!
endProcessing "superscary\heavyinventories\calc\PlayerWeightCalculator.java"

startProcessing "superscary\heavyinventories\client\ClientProxy.java" md5: d6fb42796382f0776362c86b240c8f0e
Cache Hit!
endProcessing "superscary\heavyinventories\client\ClientProxy.java"

startProcessing "superscary\heavyinventories\client\command\HeavyInventoriesCommandRegistry.java" md5: 979d4953249828eea0713f51bd4f68b7
Cache Hit!
endProcessing "superscary\heavyinventories\client\command\HeavyInventoriesCommandRegistry.java"

startProcessing "superscary\heavyinventories\client\command\commands\HeavyInventoriesOpenConfigGui.java" md5: 08c25bb3a6dedfa4f8a00605a1fc7224
Cache Hit!
endProcessing "superscary\heavyinventories\client\command\commands\HeavyInventoriesOpenConfigGui.java"

startProcessing "superscary\heavyinventories\client\event\ClientEventHandler.java" md5: f4826396c0b26ef742c387cf4583aa85
Cache Hit!
endProcessing "superscary\heavyinventories\client\event\ClientEventHandler.java"

startProcessing "superscary\heavyinventories\client\event\PumpingIronHandler.java" md5: 3ac0dc065bf59e8083c6dbd7cf3eed9a
Cache Hit!
endProcessing "superscary\heavyinventories\client\event\PumpingIronHandler.java"

startProcessing "superscary\heavyinventories\client\gui\HeavyInventoriesGuiConfig.java" md5: 5a511679f15d31f83be331e568c94428
Cache Hit!
endProcessing "superscary\heavyinventories\client\gui\HeavyInventoriesGuiConfig.java"

startProcessing "superscary\heavyinventories\client\gui\InventoryWeightText.java" md5: dd56579e7da8a746333c9223c70cb778
Cache Hit!
endProcessing "superscary\heavyinventories\client\gui\InventoryWeightText.java"

startProcessing "superscary\heavyinventories\client\gui\ModGuiFactory.java" md5: 31b321ac05b21e98adb83e8271f2d64f
Cache Hit!
endProcessing "superscary\heavyinventories\client\gui\ModGuiFactory.java"

startProcessing "superscary\heavyinventories\client\gui\Toast.java" md5: 3f261d93cd57323c8971caff07724257
Cache Hit!
endProcessing "superscary\heavyinventories\client\gui\Toast.java"

startProcessing "superscary\heavyinventories\client\gui\meter\GuiDrawMeter.java" md5: a3c7f220c72a27cef468cf20609086d8
Cache Hit!
endProcessing "superscary\heavyinventories\client\gui\meter\GuiDrawMeter.java"

startProcessing "superscary\heavyinventories\client\gui\meter\GuiMeterLocationCalculator.java" md5: f0fb348c3ddbb71671454515eef84ed9
Cache Hit!
endProcessing "superscary\heavyinventories\client\gui\meter\GuiMeterLocationCalculator.java"

startProcessing "superscary\heavyinventories\common\CommonProxy.java" md5: bbd4dc94d881e3ebde5202c74e9b5bdc
Cache Hit!
endProcessing "superscary\heavyinventories\common\CommonProxy.java"

startProcessing "superscary\heavyinventories\common\capability\CapabilityHandler.java" md5: 9155fd36412cdbaf7b2a8919e5f541f4
Cache Hit!
endProcessing "superscary\heavyinventories\common\capability\CapabilityHandler.java"

startProcessing "superscary\heavyinventories\common\capability\offsets\IOffset.java" md5: 6f97ee04cc4adade5ebd8f19ddb3f8cb
Cache Hit!
endProcessing "superscary\heavyinventories\common\capability\offsets\IOffset.java"

startProcessing "superscary\heavyinventories\common\capability\offsets\OffsetProvider.java" md5: d3c678abec90a94241eeb48c6d44c47a
Cache Hit!
endProcessing "superscary\heavyinventories\common\capability\offsets\OffsetProvider.java"

startProcessing "superscary\heavyinventories\common\capability\offsets\OffsetStorage.java" md5: 1ee0095a237b14557bd3206a1f3cb087
Cache Hit!
endProcessing "superscary\heavyinventories\common\capability\offsets\OffsetStorage.java"

startProcessing "superscary\heavyinventories\common\capability\offsets\WeightOffset.java" md5: 97129971f6a44416abcebb69b0001988
Cache Hit!
endProcessing "superscary\heavyinventories\common\capability\offsets\WeightOffset.java"

startProcessing "superscary\heavyinventories\common\capability\weight\IWeighable.java" md5: afc881c2cfc59c85956da5165712769e
Cache Hit!
endProcessing "superscary\heavyinventories\common\capability\weight\IWeighable.java"

startProcessing "superscary\heavyinventories\common\capability\weight\Weight.java" md5: 6aca00f66490ff4cfc5410d6b5b002e5
Cache Hit!
endProcessing "superscary\heavyinventories\common\capability\weight\Weight.java"

startProcessing "superscary\heavyinventories\common\capability\weight\WeightProvider.java" md5: cd5651f39cfc777c863ce95a84c08e26
Cache Hit!
endProcessing "superscary\heavyinventories\common\capability\weight\WeightProvider.java"

startProcessing "superscary\heavyinventories\common\capability\weight\WeightStorage.java" md5: b6e7e186477345c9160a76b6669f4e52
Cache Hit!
endProcessing "superscary\heavyinventories\common\capability\weight\WeightStorage.java"

startProcessing "superscary\heavyinventories\common\event\CommonEventHandler.java" md5: a5f9bd5150fd7af6a0bfb173194f100e
Cache Hit!
endProcessing "superscary\heavyinventories\common\event\CommonEventHandler.java"

startProcessing "superscary\heavyinventories\common\network\PlayerEncumberedMessage.java" md5: fd74ad7a1426aa085d27fe10f3fb3697
Cache Hit!
endProcessing "superscary\heavyinventories\common\network\PlayerEncumberedMessage.java"

startProcessing "superscary\heavyinventories\common\network\PlayerNotEncumberedMessage.java" md5: b9c61284f1cdfe6ec2abbd64245b4d6a
Cache Hit!
endProcessing "superscary\heavyinventories\common\network\PlayerNotEncumberedMessage.java"

startProcessing "superscary\heavyinventories\common\network\PlayerOverEncumberedMessage.java" md5: e9ebd9d835f1b55e44309919c463c737
Cache Hit!
endProcessing "superscary\heavyinventories\common\network\PlayerOverEncumberedMessage.java"

startProcessing "superscary\heavyinventories\common\network\handlers\PlayerEncumberedMessageHandler.java" md5: e9b1afbe280bcf6cbe88efac52172122
Cache Hit!
endProcessing "superscary\heavyinventories\common\network\handlers\PlayerEncumberedMessageHandler.java"

startProcessing "superscary\heavyinventories\common\network\handlers\PlayerNotEncumberedMessageHandler.java" md5: 9bb287c923fee1c63ab1b908ab3d134d
Cache Hit!
endProcessing "superscary\heavyinventories\common\network\handlers\PlayerNotEncumberedMessageHandler.java"

startProcessing "superscary\heavyinventories\common\network\handlers\PlayerOverEncumberedMessageHandler.java" md5: c8e988cff7e81ce3b8e22f0535b12ea5
Cache Hit!
endProcessing "superscary\heavyinventories\common\network\handlers\PlayerOverEncumberedMessageHandler.java"

startProcessing "superscary\heavyinventories\compat\CompatLoader.java" md5: df11d996c91127de43d820b9c5b0860d
Cache Hit!
endProcessing "superscary\heavyinventories\compat\CompatLoader.java"

startProcessing "superscary\heavyinventories\compat\EnumCompatMods.java" md5: dd81dac5775e371bb548205359c08554
Cache Hit!
endProcessing "superscary\heavyinventories\compat\EnumCompatMods.java"

startProcessing "superscary\heavyinventories\compat\event\IPlayerCompatEvent.java" md5: fc921bc156bda3fd6a3cbf51a4e023c2
Cache Hit!
endProcessing "superscary\heavyinventories\compat\event\IPlayerCompatEvent.java"

startProcessing "superscary\heavyinventories\compat\mods\HIBaubles.java" md5: bbacdef61ff4c14d079e1d2bbc90a8a4
Cache Hit!
endProcessing "superscary\heavyinventories\compat\mods\HIBaubles.java"

startProcessing "superscary\heavyinventories\compat\mods\HIJei.java" md5: e669668d1fe0cf33f61afe68775a8ea1
Cache Hit!
endProcessing "superscary\heavyinventories\compat\mods\HIJei.java"

startProcessing "superscary\heavyinventories\compat\mods\HIWaila.java" md5: 72d4779bf2a0be2ba56d17729bcc3e47
Cache Hit!
endProcessing "superscary\heavyinventories\compat\mods\HIWaila.java"

startProcessing "superscary\heavyinventories\compat\mods\ironbackpacks\HIIronBackpacks.java" md5: 5f4bae38c9c53e4bb37f2a7124f1009f
Cache Hit!
endProcessing "superscary\heavyinventories\compat\mods\ironbackpacks\HIIronBackpacks.java"

startProcessing "superscary\heavyinventories\compat\mods\ironbackpacks\HIIronBackpacksConfig.java" md5: 29c1cf49d6d9d7ac447df2ff43f051ca
Cache Hit!
endProcessing "superscary\heavyinventories\compat\mods\ironbackpacks\HIIronBackpacksConfig.java"

startProcessing "superscary\heavyinventories\compat\mods\theoneprobe\HITOPInfoProvider.java" md5: 30ab629567a0512c4778c0568ffbf691
Cache Hit!
endProcessing "superscary\heavyinventories\compat\mods\theoneprobe\HITOPInfoProvider.java"

startProcessing "superscary\heavyinventories\compat\mods\theoneprobe\HITheOneProbe.java" md5: 65b9f7310a2b985b3eee41ea87bfae21
Cache Hit!
endProcessing "superscary\heavyinventories\compat\mods\theoneprobe\HITheOneProbe.java"

startProcessing "superscary\heavyinventories\configs\HeavyInventoriesConfig.java" md5: be84b6e19e194917cec3813ac7a37572
Cache Hit!
endProcessing "superscary\heavyinventories\configs\HeavyInventoriesConfig.java"

startProcessing "superscary\heavyinventories\configs\builder\ConfigBuilder.java" md5: 75048ffb789de50f59d079117fee9d2f
Cache Hit!
endProcessing "superscary\heavyinventories\configs\builder\ConfigBuilder.java"

startProcessing "superscary\heavyinventories\configs\reader\ConfigReader.java" md5: db83ea629214fede10692c37a01b32cd
Cache Hit!
endProcessing "superscary\heavyinventories\configs\reader\ConfigReader.java"

startProcessing "superscary\heavyinventories\configs\weights\CustomConfigLoader.java" md5: 508f35f8e88f2a023112470edde98ece
Cache Hit!
endProcessing "superscary\heavyinventories\configs\weights\CustomConfigLoader.java"

startProcessing "superscary\heavyinventories\configs\weights\MinecraftConfig.java" md5: bf0fad493d7cc9661d77b1c79889320c
Cache Hit!
endProcessing "superscary\heavyinventories\configs\weights\MinecraftConfig.java"

startProcessing "superscary\heavyinventories\server\ServerProxy.java" md5: 2b54c71ba5caa220aa02b61c8f67093e
Cache Hit!
endProcessing "superscary\heavyinventories\server\ServerProxy.java"

startProcessing "superscary\heavyinventories\util\Constants.java" md5: ca6cc88232f6e15bb25aba0a85f7b1f5
Cache Hit!
endProcessing "superscary\heavyinventories\util\Constants.java"

startProcessing "superscary\heavyinventories\util\Coords.java" md5: 92d6fa9a10832b2acd83035e27d35e79
Cache Hit!
endProcessing "superscary\heavyinventories\util\Coords.java"

startProcessing "superscary\heavyinventories\util\EnumTagID.java" md5: d9b640e35fb750a61f67830761e2ef96
Cache Hit!
endProcessing "superscary\heavyinventories\util\EnumTagID.java"

startProcessing "superscary\heavyinventories\util\Logger.java" md5: 82a0cc23d7f9c2b80fbd3331d8fbfe17
Cache Hit!
endProcessing "superscary\heavyinventories\util\Logger.java"

startProcessing "superscary\heavyinventories\util\PlayerHelper.java" md5: 0e83dbb29ccd1479077f9d6e6336cf20
Cache Hit!
endProcessing "superscary\heavyinventories\util\PlayerHelper.java"

startProcessing "superscary\heavyinventories\util\Toolkit.java" md5: a5b40edeb0621b4d341c082ee810b939
Cache Hit!
endProcessing "superscary\heavyinventories\util\Toolkit.java"

