This mapping 'snapshot_20171003' was designed for MC 1.12! Use at your own peril.This mapping 'snapshot_20171003' was designed for MC 1.12! Use at your own peril.

:deobfCompileDummyTask
:deobfProvidedDummyTask
:sourceApiJava UP-TO-DATE
:compileApiJavaNote: F:\Minecraft Forge\Projects\1.12.2\Heavy Inventories\build\sources\api\java\superscary\supercore\tools\EnumColor.java uses or overrides a deprecated API.
Note: Recompile with -Xlint:deprecation for details.
Note: Some input files use unchecked or unsafe operations.
Note: Recompile with -Xlint:unchecked for details.

:processApiResources UP-TO-DATE
:apiClasses
:sourceMainJava
:compileJava
:processResources UP-TO-DATE
:classes
:jar
:sourceTestJava UP-TO-DATE
:compileTestJava UP-TO-DATE
:processTestResources UP-TO-DATE
:testClasses UP-TO-DATE
:test UP-TO-DATE
:extractMcpData SKIPPED
:extractMcpMappings SKIPPED
:getVersionJson
:extractUserdev UP-TO-DATE
:genSrgs SKIPPED
:reobfJar
:extractAnnotationsJar
:extractRangemapReplacedMain
F:\Minecraft Forge\Projects\1.12.2\Heavy Inventories\build\sources\main\java
:retromapReplacedMain
remapping source...
:sourceJar
:assemble
:check UP-TO-DATE
:build

BUILD SUCCESSFUL

Total time: 5.614 secs
